[2016-03-27 21:09:35] myapp.INFO: Matched route "GET_". {"route_parameters":{"_controller":"Proximity\\Controller\\Index::indexAction","_route":"GET_"},"request_uri":"http://localhost:8000/"} []
[2016-03-27 21:09:35] myapp.INFO: > GET / [] []
[2016-03-27 21:09:45] myapp.CRITICAL: Google_Service_Exception: Error calling GET https://proximitybeacon.googleapis.com/v1beta1/beacons: (401) The request does not have valid authentication credentials. (uncaught exception) at E:\Source\proximity\vendor\google\apiclient\src\Google\Http\REST.php line 79 {"exception":"[object] (Google_Service_Exception(code: 401): Error calling GET https://proximitybeacon.googleapis.com/v1beta1/beacons: (401) The request does not have valid authentication credentials. at E:\\Source\\proximity\\vendor\\google\\apiclient\\src\\Google\\Http\\REST.php:79)"} []
[2016-03-27 21:09:45] myapp.INFO: < 500 [] []
[2016-03-27 21:09:45] myapp.INFO: Matched route "GET_". {"route_parameters":{"_controller":"Proximity\\Controller\\Index::indexAction","_route":"GET_"},"request_uri":"http://localhost:8000/"} []
[2016-03-27 21:09:45] myapp.INFO: > GET / [] []
[2016-03-27 21:09:49] myapp.CRITICAL: Google_Service_Exception: Error calling GET https://proximitybeacon.googleapis.com/v1beta1/beacons: (401) The request does not have valid authentication credentials. (uncaught exception) at E:\Source\proximity\vendor\google\apiclient\src\Google\Http\REST.php line 79 {"exception":"[object] (Google_Service_Exception(code: 401): Error calling GET https://proximitybeacon.googleapis.com/v1beta1/beacons: (401) The request does not have valid authentication credentials. at E:\\Source\\proximity\\vendor\\google\\apiclient\\src\\Google\\Http\\REST.php:79)"} []
[2016-03-27 21:09:49] myapp.INFO: < 500 [] []
[2016-03-27 21:10:17] myapp.INFO: Matched route "GET_login". {"route_parameters":{"_controller":"Proximity\\Controller\\Auth::loginAction","_route":"GET_login"},"request_uri":"http://localhost:8000/login"} []
[2016-03-27 21:10:17] myapp.INFO: > GET /login [] []
[2016-03-27 21:10:17] myapp.INFO: < 302 https://accounts.google.com/o/oauth2/auth?response_type=code&redirect_uri=http%3A%2F%2Flocalhost%3A8000%2Foauth2callback&client_id=572027745966-hngf6jtm0cbufg14pugl394hcmeds4vk.apps.googleusercontent.com&scope=https%3A%2F%2Fwww.googleapis.com%2Fauth%2Fuserlocation.beacon.registry+https%3A%2F%2Fwww.googleapis.com%2Fauth%2Fuserinfo.email+https%3A%2F%2Fwww.googleapis.com%2Fauth%2Fuserinfo.profile&access_type=online&approval_prompt=auto [] []
[2016-03-27 21:10:17] myapp.INFO: Matched route "GET_login". {"route_parameters":{"_controller":"Proximity\\Controller\\Auth::loginAction","_route":"GET_login"},"request_uri":"http://localhost:8000/login"} []
[2016-03-27 21:10:17] myapp.INFO: > GET /login [] []
[2016-03-27 21:10:17] myapp.INFO: < 302 https://accounts.google.com/o/oauth2/auth?response_type=code&redirect_uri=http%3A%2F%2Flocalhost%3A8000%2Foauth2callback&client_id=572027745966-hngf6jtm0cbufg14pugl394hcmeds4vk.apps.googleusercontent.com&scope=https%3A%2F%2Fwww.googleapis.com%2Fauth%2Fuserlocation.beacon.registry+https%3A%2F%2Fwww.googleapis.com%2Fauth%2Fuserinfo.email+https%3A%2F%2Fwww.googleapis.com%2Fauth%2Fuserinfo.profile&access_type=online&approval_prompt=auto [] []
[2016-03-27 21:10:18] myapp.INFO: Matched route "GET_oauth2callback". {"route_parameters":{"_controller":"Proximity\\Controller\\Auth::oAuth2Action","_route":"GET_oauth2callback"},"request_uri":"http://localhost:8000/oauth2callback?code=4%2FwwcnWQl-JTQOa258JDYaLpnAyFhQ0EkDXZPM3ofw3CA"} []
[2016-03-27 21:10:18] myapp.INFO: > GET /oauth2callback?code=4/wwcnWQl-JTQOa258JDYaLpnAyFhQ0EkDXZPM3ofw3CA [] []
[2016-03-27 21:10:19] myapp.INFO: < 302 / [] []
[2016-03-27 21:10:19] myapp.INFO: Matched route "GET_". {"route_parameters":{"_controller":"Proximity\\Controller\\Index::indexAction","_route":"GET_"},"request_uri":"http://localhost:8000/"} []
[2016-03-27 21:10:19] myapp.INFO: > GET / [] []
[2016-03-27 21:10:22] myapp.INFO: < 200 [] []
[2016-03-27 21:16:44] myapp.INFO: Matched route "GET_". {"route_parameters":{"_controller":"Proximity\\Controller\\Index::indexAction","_route":"GET_"},"request_uri":"http://localhost:8000/"} []
[2016-03-27 21:16:44] myapp.INFO: > GET / [] []
[2016-03-27 21:16:47] myapp.INFO: < 200 [] []
